Maid cafe serving at port 3000
Maid cafe serving at port 3000
swordbeach
undefined
Total time to write to Redis and send to queue 92.8098
Server to client API exec time: 95.72829999999999
swordbeach
Total time to write to Redis and send to queue 55.162499999999994
Server to client API exec time: 55.661899999999996
swordbeach
undefined
Total time to write to Redis and send to queue 71.59089999999999
Server to client API exec time: 72.1424
swordbeach
Total time to write to Redis and send to queue 62.8606
Server to client API exec time: 63.231399999999994
swordbeach
undefined
Total time to write to Redis and send to queue 71.0349
Server to client API exec time: 72.0713
swordbeach
Total time to write to Redis and send to queue 56.424
Server to client API exec time: 56.7496
undefined
Server to client API exec time: 80.43809999999999
undefined
undefined
Server to client API exec time: 42.137499999999996
undefined
Server to client API exec time: 65.8402
undefined
Server to client API exec time: 87.28349999999999
undefined
Server to client API exec time: 85.3689
undefined
undefined
Server to client API exec time: 28.3995
undefined
Server to client API exec time: 93.9849
undefined
Server to client API exec time: 78.4726
undefined
Server to client API exec time: 17.3891
undefined
Server to client API exec time: 29.037899999999997
undefined
Server to client API exec time: 30.6904
undefined
Server to client API exec time: 11.782399999999999
undefined
Server to client API exec time: 26.0414
undefined
Server to client API exec time: 15.299
undefined
Server to client API exec time: 88.31009999999999
undefined
Server to client API exec time: 65.83279999999999
undefined
undefined
Server to client API exec time: 34.909
undefined
undefined
undefined
Server to client API exec time: 48.099399999999996
undefined
undefined
Server to client API exec time: 67.0771
undefined
undefined
Server to client API exec time: 36.0333
undefined
undefined
undefined
Server to client API exec time: 50.2538
undefined
undefined
Server to client API exec time: 25.2779
undefined
undefined
Server to client API exec time: 46.442899999999995
undefined
undefined
undefined
Server to client API exec time: 110.73339999999999
undefined
undefined
undefined
Server to client API exec time: 96.1182
Maid cafe serving at port 3000
undefined
undefined
undefined
Server to client API exec time: 107.40249999999999
undefined
undefined
undefined
Server to client API exec time: 85.2821
Maid cafe serving at port 3000
undefined
undefined
Server to client API exec time: 42.1566
undefined
undefined
Server to client API exec time: 47.9381
undefined
undefined
Server to client API exec time: 33.5027
undefined
undefined
Server to client API exec time: 24.273699999999998
undefined
undefined
undefined
Server to client API exec time: 50.811899999999994
undefined
undefined
Server to client API exec time: 22.592599999999997
undefined
undefined
undefined
Server to client API exec time: 98.234
undefined
undefined
Server to client API exec time: 26.4071
undefined
undefined
Server to client API exec time: 28.3483
undefined
undefined
Server to client API exec time: 29.3709
undefined
undefined
undefined
Server to client API exec time: 42.3178
undefined
undefined
undefined
Server to client API exec time: 85.935
undefined
undefined
Server to client API exec time: 25.0888
undefined
undefined
Server to client API exec time: 20.9854
undefined
undefined
Server to client API exec time: 25.891099999999998
undefined
undefined
Server to client API exec time: 23.1022
undefined
undefined
Server to client API exec time: 29.8375
undefined
undefined
Server to client API exec time: 20.9105
undefined
undefined
Server to client API exec time: 19.0418
undefined
undefined
Server to client API exec time: 22.0035
undefined
Server to client API exec time: 40.695699999999995
Server to client API exec time: 0.6742
Server to client API exec time: 0.7569
Server to client API exec time: 1.1141999999999999
Server to client API exec time: 0.8654999999999999
Server to client API exec time: 1.3356
Server to client API exec time: 1.6696
Server to client API exec time: 1.0303
Server to client API exec time: 0.6975
undefined
Server to client API exec time: 27.6863
undefined
Server to client API exec time: 13.989899999999999
undefined
Server to client API exec time: 26.8066
undefined
Server to client API exec time: 26.1402
undefined
Server to client API exec time: 49.4217
Server to client API exec time: 0.5533
Server to client API exec time: 1.2107999999999999
Server to client API exec time: 0.7244999999999999
Server to client API exec time: 1.4664
undefined
Server to client API exec time: 26.5762
undefined
Server to client API exec time: 17.4463
undefined
Server to client API exec time: 19.7278
undefined
Server to client API exec time: 37.149499999999996
Server to client API exec time: 0.9569
undefined
Server to client API exec time: 28.726699999999997
undefined
Server to client API exec time: 30.523899999999998
undefined
Server to client API exec time: 19.753899999999998
Server to client API exec time: 1.1569
Server to client API exec time: 0.7204999999999999
undefined
undefined
Server to client API exec time: 23.7305
undefined
undefined
Server to client API exec time: 24.494699999999998
undefined
Server to client API exec time: 94.3865
Server to client API exec time: 0.9254
undefined
Server to client API exec time: 25.4374
Server to client API exec time: 3.1066
undefined
Server to client API exec time: 22.9304
undefined
Server to client API exec time: 20.6114
Server to client API exec time: 0.3414
Server to client API exec time: 0.8333999999999999
undefined
Server to client API exec time: 17.9905
Server to client API exec time: 0.6839999999999999
undefined
Server to client API exec time: 12.3006
undefined
Server to client API exec time: 78.0805
undefined
Server to client API exec time: 22.8022
undefined
Server to client API exec time: 19.072599999999998
undefined
Server to client API exec time: 23.7123
undefined
undefined
Server to client API exec time: 29.4559
undefined
undefined
Server to client API exec time: 26.197499999999998
Maid cafe serving at port 3000
undefined
undefined
undefined
Server to client API exec time: 67.8154
undefined
undefined
undefined
Server to client API exec time: 108.90849999999999
undefined
undefined
Server to client API exec time: 30.644299999999998
undefined
undefined
Server to client API exec time: 43.8602
undefined
Server to client API exec time: 86.06389999999999
undefined
Server to client API exec time: 63.513799999999996
Server to client API exec time: 0.7065
undefined
Server to client API exec time: 20.1492
undefined
Server to client API exec time: 59.5881
undefined
undefined
Server to client API exec time: 29.942999999999998
undefined
Server to client API exec time: 17.0383
Maid cafe serving at port 3000
undefined
undefined
Server to client API exec time: 94.3226
undefined
undefined
Server to client API exec time: 25.404799999999998
undefined
undefined
Server to client API exec time: 32.6558
Maid cafe serving at port 3000
swordbeach
undefined
Total time to write to Redis and send to queue 88.7995
Server to client API exec time: 91.3975
swordbeach
Total time to write to Redis and send to queue 54.765299999999996
Server to client API exec time: 55.1117
swordbeach
Total time to write to Redis and send to queue 55.9815
Server to client API exec time: 56.344699999999996
swordbeach
Total time to write to Redis and send to queue 55.7097
Server to client API exec time: 56.0719
swordbeach
Total time to write to Redis and send to queue 55.446999999999996
Server to client API exec time: 55.8964
swordbeach
undefined
Total time to write to Redis and send to queue 67.66409999999999
Server to client API exec time: 68.04679999999999
swordbeach
Total time to write to Redis and send to queue 54.6981
Server to client API exec time: 55.0164
swordbeach
undefined
Total time to write to Redis and send to queue 66.9388
Server to client API exec time: 67.3134
swordbeach
Total time to write to Redis and send to queue 54.649499999999996
Server to client API exec time: 54.9525
swordbeach
Total time to write to Redis and send to queue 55.3503
Server to client API exec time: 55.7174
swordbeach
Total time to write to Redis and send to queue 56.2499
Server to client API exec time: 56.656
undefined
Server to client API exec time: 69.0698
undefined
Server to client API exec time: 69.5611
undefined
Server to client API exec time: 16.4926
undefined
Server to client API exec time: 17.651
undefined
Server to client API exec time: 31.466299999999997
undefined
Server to client API exec time: 13.0223
undefined
Server to client API exec time: 78.91
undefined
Server to client API exec time: 64.0611
undefined
undefined
Server to client API exec time: 22.6952
undefined
Server to client API exec time: 81.70819999999999
undefined
Server to client API exec time: 80.3564
undefined
Server to client API exec time: 80.42479999999999
undefined
undefined
undefined
Server to client API exec time: 51.593399999999995
undefined
Server to client API exec time: 80.5662
undefined
undefined
undefined
Server to client API exec time: 34.838699999999996
undefined
undefined
Server to client API exec time: 23.6984
undefined
undefined
Server to client API exec time: 34.0229
undefined
undefined
undefined
Server to client API exec time: 37.210899999999995
undefined
undefined
undefined
Server to client API exec time: 87.9358
undefined
Server to client API exec time: 69.1846
undefined
Server to client API exec time: 80.3162
undefined
Server to client API exec time: 79.5313
undefined
Server to client API exec time: 80.5274
undefined
Server to client API exec time: 80.9273
undefined
Server to client API exec time: 22.9824
undefined
Server to client API exec time: 79.7802
undefined
Server to client API exec time: 76.9508
undefined
Server to client API exec time: 12.599
undefined
Server to client API exec time: 30.2103
undefined
Server to client API exec time: 80.0324
undefined
Server to client API exec time: 15.8929
undefined
Server to client API exec time: 15.987699999999998
undefined
Server to client API exec time: 37.5453
undefined
Server to client API exec time: 76.3042
undefined
Server to client API exec time: 18.1856
undefined
Server to client API exec time: 12.276499999999999
undefined
Server to client API exec time: 27.8001
undefined
Server to client API exec time: 13.2784
undefined
Server to client API exec time: 78.28229999999999
undefined
Server to client API exec time: 14.393099999999999
undefined
Server to client API exec time: 14.7952
undefined
Server to client API exec time: 30.8264
undefined
Server to client API exec time: 14.941899999999999
undefined
Server to client API exec time: 12.1007
undefined
Server to client API exec time: 78.42099999999999
undefined
Server to client API exec time: 17.7029
undefined
Server to client API exec time: 12.844299999999999
undefined
Server to client API exec time: 31.7703
undefined
Server to client API exec time: 18.891099999999998
undefined
Server to client API exec time: 18.1388
undefined
Server to client API exec time: 91.41539999999999
undefined
Server to client API exec time: 18.367
undefined
Server to client API exec time: 19.604699999999998
undefined
Server to client API exec time: 20.945999999999998
undefined
Server to client API exec time: 11.509599999999999
undefined
Server to client API exec time: 11.393799999999999
Maid cafe serving at port 3000
undefined
undefined
Server to client API exec time: 21622.4572
Maid cafe serving at port 3000
Maid cafe serving at port 3000
undefined
Server to client API exec time: 124.5698
undefined
Server to client API exec time: 86.0941
undefined
Server to client API exec time: 68.1139
undefined
undefined
Server to client API exec time: 26.839
swordbeach
undefined
Total time to write to Redis and send to queue 76.71289999999999
Server to client API exec time: 77.3716
swordbeach
undefined
Total time to write to Redis and send to queue 68.7325
Server to client API exec time: 69.2672
undefined
Server to client API exec time: 70.23259999999999
swordbeach
Total time to write to Redis and send to queue 54.7692
Server to client API exec time: 55.111599999999996
undefined
Server to client API exec time: 17.0689
undefined
Server to client API exec time: 7.1751
undefined
Server to client API exec time: 86.43169999999999
undefined
undefined
undefined
Server to client API exec time: 39.5734
undefined
undefined
Server to client API exec time: 22.9305
undefined
undefined
Server to client API exec time: 21.779999999999998
undefined
undefined
Server to client API exec time: 24.138099999999998
undefined
undefined
undefined
Server to client API exec time: 84.329
undefined
Server to client API exec time: 64.9376
undefined
Server to client API exec time: 79.2208
undefined
undefined
Server to client API exec time: 23.2232
undefined
undefined
Server to client API exec time: 21.1285
undefined
undefined
Server to client API exec time: 21.3552
undefined
undefined
Server to client API exec time: 20.578599999999998
undefined
Server to client API exec time: 18.734099999999998
Maid cafe serving at port 3000
undefined
Server to client API exec time: 62.7696
Server to client API exec time: 0.8855
undefined
Server to client API exec time: 29.6586
Server to client API exec time: 1.1723
Server to client API exec time: 0.8825999999999999
undefined
Server to client API exec time: 11.4879
undefined
Server to client API exec time: 39.3016
undefined
Server to client API exec time: 23.4968
undefined
Server to client API exec time: 14.8073
undefined
Server to client API exec time: 18.673099999999998
Server to client API exec time: 1.299
undefined
Server to client API exec time: 15.786399999999999
undefined
Server to client API exec time: 14.253499999999999
undefined
Server to client API exec time: 9.9499
Maid cafe serving at port 3000
undefined
Server to client API exec time: 123.7246
undefined
Server to client API exec time: 93.2864
undefined
Server to client API exec time: 66.86059999999999
undefined
Server to client API exec time: 79.5069
undefined
undefined
undefined
Server to client API exec time: 43.3829
undefined
undefined
Server to client API exec time: 39.0407
undefined
undefined
undefined
Server to client API exec time: 88.0637
undefined
Server to client API exec time: 65.5506
undefined
Server to client API exec time: 79.324
undefined
Server to client API exec time: 89.7145
undefined
Server to client API exec time: 24.8692
